# JRE version: OpenJDK Runtime Environment Temurin-17.0.7+7 (17.0.7+7) (build 17.0.7+7)
# Java VM: OpenJDK 64-Bit Server VM Temurin-17.0.7+7 (17.0.7+7, mixed mode, sharing, tiered, compressed oops, compressed class ptrs, g1 gc, windows-amd64)
GC Precious Log:
 CPUs: 12 total, 12 available
 Memory: 24505M
 Large Page Support: Disabled
 NUMA Support: Disabled
 Compressed Oops: Enabled (Zero based)
 Heap Region Size: 4M
 Heap Min Capacity: 8M
 Heap Initial Capacity: 384M
 Heap Max Capacity: 6128M
 Pre-touch: Disabled
 Parallel Workers: 10
 Concurrent Workers: 3
 Concurrent Refinement Workers: 10
 Periodic GC: Disabled
Heap:
 garbage-first heap   total 1794048K, used 1122336K [0x0000000681000000, 0x0000000800000000)
  region size 4096K, 64 young (262144K), 11 survivors (45056K)
 Metaspace       used 131281K, committed 133184K, reserved 1179648K
  class space    used 18989K, committed 19840K, reserved 1048576K
GC Heap History (20 events):
Event: 96.430 GC heap before
{Heap before GC invocations=108 (full 0):
 garbage-first heap   total 1794048K, used 1567155K [0x0000000681000000, 0x0000000800000000)
  region size 4096K, 175 young (716800K), 10 survivors (40960K)
 Metaspace       used 131063K, committed 132864K, reserved 1179648K
  class space    used 18976K, committed 19840K, reserved 1048576K
}
Event: 96.443 GC heap after
{Heap after GC invocations=109 (full 0):
 garbage-first heap   total 1794048K, used 897649K [0x0000000681000000, 0x0000000800000000)
  region size 4096K, 11 young (45056K), 11 survivors (45056K)
 Metaspace       used 131063K, committed 132864K, reserved 1179648K
  class space    used 18976K, committed 19840K, reserved 1048576K
}
Event: 96.779 GC heap before
{Heap before GC invocations=109 (full 0):
 garbage-first heap   total 1794048K, used 1561201K [0x0000000681000000, 0x0000000800000000)
  region size 4096K, 174 young (712704K), 11 survivors (45056K)
 Metaspace       used 131086K, committed 132928K, reserved 1179648K
  class space    used 18979K, committed 19840K, reserved 1048576K
}
Event: 96.792 GC heap after
{Heap after GC invocations=110 (full 0):
 garbage-first heap   total 1794048K, used 898613K [0x0000000681000000, 0x0000000800000000)
  region size 4096K, 11 young (45056K), 11 survivors (45056K)
 Metaspace       used 131086K, committed 132928K, reserved 1179648K
  class space    used 18979K, committed 19840K, reserved 1048576K
}
Event: 97.113 GC heap before
{Heap before GC invocations=110 (full 0):
 garbage-first heap   total 1794048K, used 1566261K [0x0000000681000000, 0x0000000800000000)
  region size 4096K, 174 young (712704K), 11 survivors (45056K)
 Metaspace       used 131119K, committed 132928K, reserved 1179648K
  class space    used 18985K, committed 19840K, reserved 1048576K
}
Event: 97.125 GC heap after
{Heap after GC invocations=111 (full 0):
 garbage-first heap   total 1794048K, used 904408K [0x0000000681000000, 0x0000000800000000)
  region size 4096K, 13 young (53248K), 13 survivors (53248K)
 Metaspace       used 131119K, committed 132928K, reserved 1179648K
  class space    used 18985K, committed 19840K, reserved 1048576K
}
Event: 97.427 GC heap before
{Heap before GC invocations=111 (full 0):
 garbage-first heap   total 1794048K, used 1555672K [0x0000000681000000, 0x0000000800000000)
  region size 4096K, 172 young (704512K), 13 survivors (53248K)
 Metaspace       used 131133K, committed 132992K, reserved 1179648K
  class space    used 18985K, committed 19840K, reserved 1048576K
}
Event: 97.440 GC heap after
{Heap after GC invocations=112 (full 0):
 garbage-first heap   total 1794048K, used 904510K [0x0000000681000000, 0x0000000800000000)
  region size 4096K, 11 young (45056K), 11 survivors (45056K)
 Metaspace       used 131133K, committed 132992K, reserved 1179648K
  class space    used 18985K, committed 19840K, reserved 1048576K
}
Event: 97.774 GC heap before
{Heap before GC invocations=112 (full 0):
 garbage-first heap   total 1794048K, used 1563966K [0x0000000681000000, 0x0000000800000000)
  region size 4096K, 172 young (704512K), 11 survivors (45056K)
 Metaspace       used 131159K, committed 133056K, reserved 1179648K
  class space    used 18985K, committed 19840K, reserved 1048576K
}
Event: 97.787 GC heap after
{Heap after GC invocations=113 (full 0):
 garbage-first heap   total 1794048K, used 909613K [0x0000000681000000, 0x0000000800000000)
  region size 4096K, 12 young (49152K), 12 survivors (49152K)
 Metaspace       used 131159K, committed 133056K, reserved 1179648K
  class space    used 18985K, committed 19840K, reserved 1048576K
}
Event: 98.054 GC heap before
{Heap before GC invocations=113 (full 0):
 garbage-first heap   total 1794048K, used 1560877K [0x0000000681000000, 0x0000000800000000)
  region size 4096K, 171 young (700416K), 12 survivors (49152K)
 Metaspace       used 131177K, committed 133056K, reserved 1179648K
  class space    used 18985K, committed 19840K, reserved 1048576K
}
Event: 98.066 GC heap after
{Heap after GC invocations=114 (full 0):
 garbage-first heap   total 1794048K, used 909698K [0x0000000681000000, 0x0000000800000000)
  region size 4096K, 12 young (49152K), 12 survivors (49152K)
 Metaspace       used 131177K, committed 133056K, reserved 1179648K
  class space    used 18985K, committed 19840K, reserved 1048576K
}
Event: 98.327 GC heap before
{Heap before GC invocations=114 (full 0):
 garbage-first heap   total 1794048K, used 1560962K [0x0000000681000000, 0x0000000800000000)
  region size 4096K, 171 young (700416K), 12 survivors (49152K)
 Metaspace       used 131206K, committed 133120K, reserved 1179648K
  class space    used 18985K, committed 19840K, reserved 1048576K
}
Event: 98.340 GC heap after
{Heap after GC invocations=115 (full 0):
 garbage-first heap   total 1794048K, used 909701K [0x0000000681000000, 0x0000000800000000)
  region size 4096K, 12 young (49152K), 12 survivors (49152K)
 Metaspace       used 131206K, committed 133120K, reserved 1179648K
  class space    used 18985K, committed 19840K, reserved 1048576K
}
Event: 98.587 GC heap before
{Heap before GC invocations=115 (full 0):
 garbage-first heap   total 1794048K, used 1560965K [0x0000000681000000, 0x0000000800000000)
  region size 4096K, 171 young (700416K), 12 survivors (49152K)
 Metaspace       used 131212K, committed 133120K, reserved 1179648K
  class space    used 18985K, committed 19840K, reserved 1048576K
}
Event: 98.598 GC heap after
{Heap after GC invocations=116 (full 0):
 garbage-first heap   total 1794048K, used 908661K [0x0000000681000000, 0x0000000800000000)
  region size 4096K, 11 young (45056K), 11 survivors (45056K)
 Metaspace       used 131212K, committed 133120K, reserved 1179648K
  class space    used 18985K, committed 19840K, reserved 1048576K
}
Event: 98.844 GC heap before
{Heap before GC invocations=116 (full 0):
 garbage-first heap   total 1794048K, used 1559925K [0x0000000681000000, 0x0000000800000000)
  region size 4096K, 171 young (700416K), 11 survivors (45056K)
 Metaspace       used 131227K, committed 133120K, reserved 1179648K
  class space    used 18985K, committed 19840K, reserved 1048576K
}
Event: 98.857 GC heap after
{Heap after GC invocations=117 (full 0):
 garbage-first heap   total 1794048K, used 910149K [0x0000000681000000, 0x0000000800000000)
  region size 4096K, 11 young (45056K), 11 survivors (45056K)
 Metaspace       used 131227K, committed 133120K, reserved 1179648K
  class space    used 18985K, committed 19840K, reserved 1048576K
}
Event: 99.534 GC heap before
{Heap before GC invocations=117 (full 0):
 garbage-first heap   total 1794048K, used 1561413K [0x0000000681000000, 0x0000000800000000)
  region size 4096K, 171 young (700416K), 11 survivors (45056K)
 Metaspace       used 131248K, committed 133120K, reserved 1179648K
  class space    used 18988K, committed 19840K, reserved 1048576K
}
Event: 99.553 GC heap after
{Heap after GC invocations=118 (full 0):
 garbage-first heap   total 1794048K, used 909344K [0x0000000681000000, 0x0000000800000000)
  region size 4096K, 11 young (45056K), 11 survivors (45056K)
 Metaspace       used 131248K, committed 133120K, reserved 1179648K
  class space    used 18988K, committed 19840K, reserved 1048576K
}

